New log file opened at Wed Nov 23 23:20:42 PST 2016 by 5916@ReyoungdeMacBook-Pro.local
Taking next connection to: 52810
New client attempting to connect on port: 52811-52810
  Address = /192.168.1.100:52810
This client on port 52811 has uuid 81f9d64f-c97e-42fb-9d4a-58b0c42cf413 configName activator humanReadableName Activator protocolVersion 3 featureTags Vector()
Connected Clients: activator-81f9d64f-c97e-42fb-9d4a-58b0c42cf413
Taking next connection to: 52810
New client attempting to connect on port: 52814-52810
  Address = /192.168.1.100:52810
Handshake exception on socket: 52814
sbt.impl.ipc.HandshakeException: Unable to perform handshake
	at sbt.impl.ipc.Peer.handshake(IPC.scala:46)
	at sbt.impl.ipc.MultiClientServer.<init>(IPC.scala:150)
	at sbt.server.SbtServerSocketHandler$$anon$1.run(SbtServerSocketHandler.scala:43)
Caused by: java.io.EOFException
	at java.io.DataInputStream.readInt(DataInputStream.java:392)
	at sbt.impl.ipc.Peer.receive(IPC.scala:95)
	at sbt.impl.ipc.Peer.handshake(IPC.scala:49)
	... 2 more
Taking next connection to: 52810
New client attempting to connect on port: 52815-52810
  Address = /192.168.1.100:52810
This client on port 52815 has uuid b68fd797-0b76-4481-a58b-46511d6c36d8 configName play-fork-run humanReadableName Play Fork Run protocolVersion 1 featureTags Vector()
Connected Clients: activator-81f9d64f-c97e-42fb-9d4a-58b0c42cf413, play-fork-run-b68fd797-0b76-4481-a58b-46511d6c36d8
Taking next connection to: 52810
